<?xml version="1.0" encoding="UTF-8"?>
<!-- Generated by org.testng.reporters.JUnitReportReporter -->
<testsuite hostname="Rohit-PC" name="test.Search" tests="2" failures="0" timestamp="10 May 2020 12:22:39 GMT" time="28.403" errors="0">
  <testcase name="searchGoogle" time="13.576" classname="test.Search"/>
  <testcase name="searchGoogle" time="14.827" classname="test.Search"/>
</testsuite> <!-- test.Search -->
