<?xml version="1.0" encoding="UTF-8"?>
<!-- Generated by org.testng.reporters.JUnitReportReporter -->
<testsuite hostname="Rohit-PC" name="test.SignIn" tests="1" failures="0" timestamp="10 May 2020 14:20:18 GMT" time="16.034" errors="0">
  <testcase name="signIn" time="16.034" classname="test.SignIn"/>
</testsuite> <!-- test.SignIn -->
